In setup_pypath:
** Message: pygobject_register_sinkfunc is deprecated (GtkWindow)
** Message: pygobject_register_sinkfunc is deprecated (GtkInvisible)
** Message: pygobject_register_sinkfunc is deprecated (GtkObject)
INFO:root:Application startup
2010-12-15 17:03:10,229 (virt-manager:166): Application startup
DEBUG:root:Launched as: /home/edward/projects/netbeans/virtmanager/src/share/virt-manager/virt-manager.py --debug
2010-12-15 17:03:10,229 (virt-manager:322): Launched as: /home/edward/projects/netbeans/virtmanager/src/share/virt-manager/virt-manager.py --debug
DEBUG:root:(options): {'profile': None, 'nodbus': None, 'show_domain_console': None, 'no_conn_auto': None, 'uuid': None, 'nofork': None, 'show_domain_editor': None, 'show_domain_performance': None, 'show': None, 'uri': None, 'debug': True}
2010-12-15 17:03:10,229 (virt-manager:323): (options): {'profile': None, 'nodbus': None, 'show_domain_console': None, 'no_conn_auto': None, 'uuid': None, 'nofork': None, 'show_domain_editor': None, 'show_domain_performance': None, 'show': None, 'uri': None, 'debug': True}
DEBUG:root:(ignore): []
2010-12-15 17:03:10,230 (virt-manager:324): (ignore): []
INFO:root:In setup_glade_i18n:
2010-12-15 17:03:10,326 (virt-manager:76): In setup_glade_i18n:
WARNING:root:gnomekeyring bindings not installed, no keyring support
2010-12-15 17:03:10,363 (keyring:30): gnomekeyring bindings not installed, no keyring support
INFO:root:In head class vmmConfig
2010-12-15 17:03:10,363 (config:50): In head class vmmConfig
INFO:root:Creating vmmConfig instance
2010-12-15 17:03:10,363 (virt-manager:360): Creating vmmConfig instance
INFO:root:vmmConfig(appname, appversion, gconf_dir, glade_dir,icon_dir, data_dir)
2010-12-15 17:03:10,363 (virt-manager:362): vmmConfig(appname, appversion, gconf_dir, glade_dir,icon_dir, data_dir)
INFO:root:appname: virt-manager-hacked2
2010-12-15 17:03:10,364 (virt-manager:363): appname: virt-manager-hacked2
INFO:root:appversion: 0.8.5
2010-12-15 17:03:10,364 (virt-manager:364): appversion: 0.8.5
INFO:root:gconf_dir: /apps/virt-manager-hacked2
2010-12-15 17:03:10,364 (virt-manager:365): gconf_dir: /apps/virt-manager-hacked2
INFO:root:glade_dir: /home/edward/projects/netbeans/virtmanager/src/share/virt-manager
2010-12-15 17:03:10,364 (virt-manager:366): glade_dir: /home/edward/projects/netbeans/virtmanager/src/share/virt-manager
INFO:root:icon_dir: /home/edward/projects/netbeans/virtmanager/src/share/virt-manager/pixmaps
2010-12-15 17:03:10,365 (virt-manager:367): icon_dir: /home/edward/projects/netbeans/virtmanager/src/share/virt-manager/pixmaps
INFO:root:data_dir: /home/edward/projects/netbeans/virtmanager/src/share
2010-12-15 17:03:10,365 (virt-manager:368): data_dir: /home/edward/projects/netbeans/virtmanager/src/share
INFO:root:In init vmmConfig (self.conf_dir) /apps/virt-manager-hacked2
2010-12-15 17:03:10,365 (config:95): In init vmmConfig (self.conf_dir) /apps/virt-manager-hacked2
INFO:root:In init vmmConfig (gconf.client_get_default()) <gconf.Client object at 0x8818284 (GConfClient at 0x8437b38)>
2010-12-15 17:03:10,366 (config:96): In init vmmConfig (gconf.client_get_default()) <gconf.Client object at 0x8818284 (GConfClient at 0x8437b38)>
INFO:root:gconf.CLIENT_PRELOAD_NONE: <enum GCONF_CLIENT_PRELOAD_NONE of type GConfClientPreloadType> 
2010-12-15 17:03:10,366 (config:99): gconf.CLIENT_PRELOAD_NONE: <enum GCONF_CLIENT_PRELOAD_NONE of type GConfClientPreloadType> 
INFO:root:Creating Object vmmConnection
2010-12-15 17:03:10,429 (connection:46): Creating Object vmmConnection
INFO:root:Creating Object vmmConnect
2010-12-15 17:03:10,434 (connect:58): Creating Object vmmConnect
INFO:root:In head class vmmEngine
2010-12-15 17:03:10,456 (engine:222): In head class vmmEngine
INFO:root:main() options.uri: None
2010-12-15 17:03:10,467 (virt-manager:387): main() options.uri: None
INFO:root:main() options.show: None
2010-12-15 17:03:10,468 (virt-manager:388): main() options.show: None
INFO:root:Getting vmmEngine instance
2010-12-15 17:03:10,468 (virt-manager:392): Getting vmmEngine instance
DEBUG:root:Creating Object vmmEngine
2010-12-15 17:03:10,468 (engine:231): Creating Object vmmEngine
INFO:root:In vmmEngine _init_: []
2010-12-15 17:03:10,493 (engine:235): In vmmEngine _init_: []
INFO:root:In connect with name connection-added and return handle_id
2010-12-15 17:03:10,496 (engine:741): In connect with name connection-added and return handle_id
DEBUG:root:Trying get all connections
2010-12-15 17:03:10,497 (engine:361): Trying get all connections
DEBUG:root:Getting Connections from config(get_connections)
2010-12-15 17:03:10,497 (config:593): Getting Connections from config(get_connections)
DEBUG:root:self.conf_dir: /apps/virt-manager-hacked2
2010-12-15 17:03:10,497 (config:594): self.conf_dir: /apps/virt-manager-hacked2
DEBUG:root:gconf.VALUE_STRING: <enum GCONF_VALUE_STRING of type GConfValueType>
2010-12-15 17:03:10,498 (config:595): gconf.VALUE_STRING: <enum GCONF_VALUE_STRING of type GConfValueType>
DEBUG:root:uris (load_stored_uris): []
2010-12-15 17:03:10,498 (engine:363): uris (load_stored_uris): []
DEBUG:root:About to connect to uris []
2010-12-15 17:03:10,498 (engine:365): About to connect to uris []
INFO:root:First call to tick()
2010-12-15 17:03:10,498 (engine:273): First call to tick()
DEBUG:root:In function tick
2010-12-15 17:03:10,499 (engine:445): In function tick
DEBUG:root:The Thread self._tick_thread.start() started
2010-12-15 17:03:10,499 (engine:460): The Thread self._tick_thread.start() started
INFO:root:options.show: None
2010-12-15 17:03:10,499 (virt-manager:443): options.show: None
INFO:root:options.uri : None
2010-12-15 17:03:10,500 (virt-manager:444): options.uri : None
INFO:root:options.uuid: None
2010-12-15 17:03:10,500 (virt-manager:445): options.uuid: None
INFO:root:options.no_conn_auto: None
2010-12-15 17:03:10,500 (virt-manager:446): options.no_conn_auto: None
INFO:root:In def show_engine
2010-12-15 17:03:10,500 (virt-manager:229): In def show_engine
INFO:root:show: None
2010-12-15 17:03:10,501 (virt-manager:230): show: None
INFO:root:uri : None
2010-12-15 17:03:10,501 (virt-manager:231): uri : None
INFO:root:uuid: None
2010-12-15 17:03:10,501 (virt-manager:232): uuid: None
INFO:root:no_conn_auto: None
2010-12-15 17:03:10,501 (virt-manager:233): no_conn_auto: None
INFO:root:show_engine(3)
2010-12-15 17:03:10,502 (virt-manager:250): show_engine(3)
INFO:root:In def get_manager(self)
2010-12-15 17:03:10,502 (engine:641): In def get_manager(self)

(virt-manager-hacked2:10291): libglade-WARNING **: unknown property `orientation' for class `GtkVBox'

(virt-manager-hacked2:10291): libglade-WARNING **: unknown property `orientation' for class `GtkVBox'
INFO:root:In _tick(), starting a loop
2010-12-15 17:03:10,512 (engine:464): In _tick(), starting a loop
INFO:root:In connect with name connection-added and return handle_id
2010-12-15 17:03:10,578 (engine:741): In connect with name connection-added and return handle_id
INFO:root:First Initialize Connections
2010-12-15 17:03:10,578 (manager:213): First Initialize Connections
DEBUG:root:window counter incremented to 1
2010-12-15 17:03:10,598 (engine:676): window counter incremented to 1
INFO:root:show_engine(4) no_conn_auto
2010-12-15 17:03:10,599 (virt-manager:254): show_engine(4) no_conn_auto
DEBUG:root:Calling autostar_connections(self)
2010-12-15 17:03:10,599 (engine:371): Calling autostar_connections(self)
INFO:root:First call add_default_connection
2010-12-15 17:03:10,602 (engine:308): First call add_default_connection
DEBUG:root:Getting Connections from config(get_connections)
2010-12-15 17:03:10,602 (config:593): Getting Connections from config(get_connections)
DEBUG:root:self.conf_dir: /apps/virt-manager-hacked2
2010-12-15 17:03:10,602 (config:594): self.conf_dir: /apps/virt-manager-hacked2
DEBUG:root:gconf.VALUE_STRING: <enum GCONF_VALUE_STRING of type GConfValueType>
2010-12-15 17:03:10,602 (config:595): gconf.VALUE_STRING: <enum GCONF_VALUE_STRING of type GConfValueType>
INFO:root:In def get_manager(self)
2010-12-15 17:03:10,603 (engine:641): In def get_manager(self)
DEBUG:root:Determining default libvirt URI
2010-12-15 17:03:10,603 (engine:322): Determining default libvirt URI
DEBUG:root:No PackageKit packages to search for.
2010-12-15 17:03:10,603 (engine:98): No PackageKit packages to search for.
INFO:root:Trying get defaul_uri
2010-12-15 17:03:10,603 (engine:337): Trying get defaul_uri
INFO:root:In connect_to_uri
2010-12-15 17:03:10,604 (engine:385): In connect_to_uri
INFO:root:Not conn, now adding connection
2010-12-15 17:03:10,604 (engine:392): Not conn, now adding connection
INFO:root:In function add_connection and uri: xen:///
2010-12-15 17:03:10,604 (engine:710): In function add_connection and uri: xen:///
INFO:root:In _init_ vmmConnection, printing uri xen:///
2010-12-15 17:03:10,605 (connection:106): In _init_ vmmConnection, printing uri xen:///
DEBUG:root:Calling tick function (main update function: polls for new objects, updates stats)
2010-12-15 17:03:10,605 (connection:1436): Calling tick function (main update function: polls for new objects, updates stats)
DEBUG:root:Connection signals and self.functions
2010-12-15 17:03:10,606 (manager:828): Connection signals and self.functions
INFO:root:In a add_connection(uri)
2010-12-15 17:03:10,606 (config:563): In a add_connection(uri)
INFO:root:In def get_manager(self)
2010-12-15 17:03:10,607 (engine:641): In def get_manager(self)
DEBUG:root:Scheduling background open thread for xen:///
2010-12-15 17:03:10,650 (connection:856): Scheduling background open thread for xen:///
DEBUG:root:Background thread is running
2010-12-15 17:03:10,656 (connection:1001): Background thread is running
DEBUG:root:Background open thread complete, scheduling notify
2010-12-15 17:03:10,676 (connection:1029): Background open thread complete, scheduling notify
DEBUG:root:Notifying open result
2010-12-15 17:03:10,687 (connection:1034): Notifying open result
DEBUG:root:xen:/// capabilities:
<capabilities>

  <host>
    <cpu>
      <arch>i686</arch>
      <features>
        <pae/>
      </features>
    </cpu>
    <migration_features>
      <live/>
      <uri_transports>
        <uri_transport>xenmigr</uri_transport>
      </uri_transports>
    </migration_features>
  </host>

  <guest>
    <os_type>xen</os_type>
    <arch name='i686'>
      <wordsize>32</wordsize>
      <emulator>/usr/lib/xen/bin/qemu-dm</emulator>
      <machine>xenpv</machine>
      <domain type='xen'>
      </domain>
    </arch>
    <features>
      <pae/>
    </features>
  </guest>

  <guest>
    <os_type>hvm</os_type>
    <arch name='i686'>
      <wordsize>32</wordsize>
      <emulator>/usr/lib/xen/bin/qemu-dm</emulator>
      <loader>/usr/lib/xen/boot/hvmloader</loader>
      <machine>xenfv</machine>
      <domain type='xen'>
      </domain>
    </arch>
    <features>
      <pae/>
      <nonpae/>
      <acpi default='on' toggle='yes'/>
      <apic default='on' toggle='yes'/>
    </features>
  </guest>

</capabilities>

2010-12-15 17:03:10,694 (connection:1042): xen:/// capabilities:
<capabilities>

  <host>
    <cpu>
      <arch>i686</arch>
      <features>
        <pae/>
      </features>
    </cpu>
    <migration_features>
      <live/>
      <uri_transports>
        <uri_transport>xenmigr</uri_transport>
      </uri_transports>
    </migration_features>
  </host>

  <guest>
    <os_type>xen</os_type>
    <arch name='i686'>
      <wordsize>32</wordsize>
      <emulator>/usr/lib/xen/bin/qemu-dm</emulator>
      <machine>xenpv</machine>
      <domain type='xen'>
      </domain>
    </arch>
    <features>
      <pae/>
    </features>
  </guest>

  <guest>
    <os_type>hvm</os_type>
    <arch name='i686'>
      <wordsize>32</wordsize>
      <emulator>/usr/lib/xen/bin/qemu-dm</emulator>
      <loader>/usr/lib/xen/boot/hvmloader</loader>
      <machine>xenfv</machine>
      <domain type='xen'>
      </domain>
    </arch>
    <features>
      <pae/>
      <nonpae/>
      <acpi default='on' toggle='yes'/>
      <apic default='on' toggle='yes'/>
    </features>
  </guest>

</capabilities>

DEBUG:root:Calling tick function (main update function: polls for new objects, updates stats)
2010-12-15 17:03:10,694 (connection:1436): Calling tick function (main update function: polls for new objects, updates stats)
DEBUG:root:Connection doesn't seem to support interface APIs. Skipping all interface polling.
2010-12-15 17:03:10,701 (connection:1221): Connection doesn't seem to support interface APIs. Skipping all interface polling.
DEBUG:root:Calling _update_vms
2010-12-15 17:03:10,747 (connection:1323): Calling _update_vms
DEBUG:root:Filter out VMs which merely changed state: <libvirt.virDomain instance at 0x8bd348c>: 
2010-12-15 17:03:10,800 (connection:1415): Filter out VMs which merely changed state: <libvirt.virDomain instance at 0x8bd348c>: 
DEBUG:root:Connection managed save support: False
2010-12-15 17:03:10,811 (connection:544): Connection managed save support: False
DEBUG:root:Calling get_info() [1, -1024L, 1764352L, 2, 2128215455380L]
2010-12-15 17:03:10,832 (domain:1234): Calling get_info() [1, -1024L, 1764352L, 2, 2128215455380L]
DEBUG:root:Calling get_info() [1, -1024L, 1764352L, 2, 2128238431350L]
2010-12-15 17:03:10,852 (domain:1234): Calling get_info() [1, -1024L, 1764352L, 2, 2128238431350L]
DEBUG:root:rawvm Domain-0 :
2010-12-15 17:03:10,860 (connection:1418): rawvm Domain-0 :
DEBUG:root:Filter out VMs which merely changed state: <libvirt.virDomain instance at 0x8bd350c>: 
2010-12-15 17:03:10,861 (connection:1415): Filter out VMs which merely changed state: <libvirt.virDomain instance at 0x8bd350c>: 
DEBUG:root:Calling get_info() [2, 262144L, 262144L, 1, 138305985614L]
2010-12-15 17:03:10,895 (domain:1234): Calling get_info() [2, 262144L, 262144L, 1, 138305985614L]
DEBUG:root:Calling get_info() [0, 262144L, 262144L, 1, 138306112617L]
2010-12-15 17:03:10,931 (domain:1234): Calling get_info() [0, 262144L, 262144L, 1, 138306112617L]
DEBUG:root:rawvm ubuntu804 :
2010-12-15 17:03:10,947 (connection:1418): rawvm ubuntu804 :
DEBUG:root:Calling get_info() [1, -1024L, 1764352L, 2, 2128359293770L]
2010-12-15 17:03:10,955 (domain:1234): Calling get_info() [1, -1024L, 1764352L, 2, 2128359293770L]
DEBUG:root:Calling get_info() [2, 262144L, 262144L, 1, 138306306051L]
2010-12-15 17:03:10,980 (domain:1234): Calling get_info() [2, 262144L, 262144L, 1, 138306306051L]
DEBUG:root:Using HAL for netdev enumeration
2010-12-15 17:03:11,022 (connection:219): Using HAL for netdev enumeration
DEBUG:root:Using libvirt API for mediadev enumeration
2010-12-15 17:03:11,024 (connection:256): Using libvirt API for mediadev enumeration
DEBUG:root:self.vms[uuid] : <vmmDomain object at 0x8bd8914 (virtManager+domain+vmmDomain at 0x8c2c380)>
2010-12-15 17:03:11,024 (connection:672): self.vms[uuid] : <vmmDomain object at 0x8bd8914 (virtManager+domain+vmmDomain at 0x8c2c380)>
DEBUG:root:Calling get_name(self)  : Domain-0
2010-12-15 17:03:11,024 (domain:1401): Calling get_name(self)  : Domain-0
DEBUG:root:data: Domain-0
2010-12-15 17:03:11,025 (connection:673): data: Domain-0
DEBUG:root:Calling get_name(self)  : Domain-0
2010-12-15 17:03:11,025 (domain:1401): Calling get_name(self)  : Domain-0
DEBUG:root:Calling get_name(self)  : Domain-0
2010-12-15 17:03:11,027 (domain:1401): Calling get_name(self)  : Domain-0
DEBUG:root:Calling get_name(self)  : ubuntu804
2010-12-15 17:03:11,027 (domain:1401): Calling get_name(self)  : ubuntu804
DEBUG:root:self.vms[uuid] : <vmmDomain object at 0x8bd8914 (virtManager+domain+vmmDomain at 0x8c2c380)>
2010-12-15 17:03:11,031 (connection:672): self.vms[uuid] : <vmmDomain object at 0x8bd8914 (virtManager+domain+vmmDomain at 0x8c2c380)>
DEBUG:root:Calling get_name(self)  : Domain-0
2010-12-15 17:03:11,032 (domain:1401): Calling get_name(self)  : Domain-0
DEBUG:root:data: Domain-0
2010-12-15 17:03:11,032 (connection:673): data: Domain-0
DEBUG:root:Calling get_name(self)  : Domain-0
2010-12-15 17:03:11,032 (domain:1401): Calling get_name(self)  : Domain-0
DEBUG:root:self.vms[uuid] : <vmmDomain object at 0x8bd8a04 (virtManager+domain+vmmDomain at 0x8c326a0)>
2010-12-15 17:03:11,033 (connection:672): self.vms[uuid] : <vmmDomain object at 0x8bd8a04 (virtManager+domain+vmmDomain at 0x8c326a0)>
DEBUG:root:Calling get_name(self)  : ubuntu804
2010-12-15 17:03:11,033 (domain:1401): Calling get_name(self)  : ubuntu804
DEBUG:root:data: ubuntu804
2010-12-15 17:03:11,033 (connection:673): data: ubuntu804
DEBUG:root:Calling get_name(self)  : ubuntu804
2010-12-15 17:03:11,033 (domain:1401): Calling get_name(self)  : ubuntu804
DEBUG:root:Calling get_name(self)  : Domain-0
2010-12-15 17:03:11,035 (domain:1401): Calling get_name(self)  : Domain-0
DEBUG:root:Calling get_name(self)  : ubuntu804
2010-12-15 17:03:11,036 (domain:1401): Calling get_name(self)  : ubuntu804
DEBUG:root:self.vms[uuid] : <vmmDomain object at 0x8bd8a04 (virtManager+domain+vmmDomain at 0x8c326a0)>
2010-12-15 17:03:11,036 (connection:672): self.vms[uuid] : <vmmDomain object at 0x8bd8a04 (virtManager+domain+vmmDomain at 0x8c326a0)>
DEBUG:root:Calling get_name(self)  : ubuntu804
2010-12-15 17:03:11,036 (domain:1401): Calling get_name(self)  : ubuntu804
DEBUG:root:data: ubuntu804
2010-12-15 17:03:11,037 (connection:673): data: ubuntu804
DEBUG:root:Calling get_name(self)  : ubuntu804
2010-12-15 17:03:11,037 (domain:1401): Calling get_name(self)  : ubuntu804
DEBUG:root:self.vms[uuid] : <vmmDomain object at 0x8bd8914 (virtManager+domain+vmmDomain at 0x8c2c380)>
2010-12-15 17:03:11,037 (connection:672): self.vms[uuid] : <vmmDomain object at 0x8bd8914 (virtManager+domain+vmmDomain at 0x8c2c380)>
DEBUG:root:Calling get_name(self)  : Domain-0
2010-12-15 17:03:11,038 (domain:1401): Calling get_name(self)  : Domain-0
DEBUG:root:data: Domain-0
2010-12-15 17:03:11,038 (connection:673): data: Domain-0
DEBUG:root:Calling get_name(self)  : Domain-0
2010-12-15 17:03:11,038 (domain:1401): Calling get_name(self)  : Domain-0
DEBUG:root:VM Domain-0 started
2010-12-15 17:03:11,038 (manager:729): VM Domain-0 started
DEBUG:root:self.vms[uuid] : <vmmDomain object at 0x8bd8a04 (virtManager+domain+vmmDomain at 0x8c326a0)>
2010-12-15 17:03:11,039 (connection:672): self.vms[uuid] : <vmmDomain object at 0x8bd8a04 (virtManager+domain+vmmDomain at 0x8c326a0)>
DEBUG:root:Calling get_name(self)  : ubuntu804
2010-12-15 17:03:11,039 (domain:1401): Calling get_name(self)  : ubuntu804
DEBUG:root:data: ubuntu804
2010-12-15 17:03:11,039 (connection:673): data: ubuntu804
DEBUG:root:Calling get_name(self)  : ubuntu804
2010-12-15 17:03:11,040 (domain:1401): Calling get_name(self)  : ubuntu804
DEBUG:root:VM ubuntu804 started
2010-12-15 17:03:11,040 (manager:729): VM ubuntu804 started
DEBUG:root:In function tick
2010-12-15 17:03:11,500 (engine:445): In function tick
INFO:root:In _tick(), starting a loop
2010-12-15 17:03:11,500 (engine:464): In _tick(), starting a loop
INFO:root:uri: xen:/// 
2010-12-15 17:03:11,500 (engine:466): uri: xen:/// 
DEBUG:root:Calling tick function (main update function: polls for new objects, updates stats)
2010-12-15 17:03:11,500 (connection:1436): Calling tick function (main update function: polls for new objects, updates stats)
DEBUG:root:The Thread self._tick_thread.start() started
DEBUG:root:Calling _update_vms
2010-12-15 17:03:11,504 (engine:460): The Thread self._tick_thread.start() started
2010-12-15 17:03:11,505 (connection:1323): Calling _update_vms
DEBUG:root:vm active(last time): <vmmDomain object at 0x8bd8914 (virtManager+domain+vmmDomain at 0x8c2c380)>
2010-12-15 17:03:11,506 (connection:1339): vm active(last time): <vmmDomain object at 0x8bd8914 (virtManager+domain+vmmDomain at 0x8c2c380)>
DEBUG:root:vm active(last time): <vmmDomain object at 0x8bd8a04 (virtManager+domain+vmmDomain at 0x8c326a0)>
2010-12-15 17:03:11,506 (connection:1339): vm active(last time): <vmmDomain object at 0x8bd8a04 (virtManager+domain+vmmDomain at 0x8c326a0)>
DEBUG:root:Calling get_info() [1, -1024L, 1764352L, 2, 2128562493020L]
2010-12-15 17:03:11,542 (domain:1234): Calling get_info() [1, -1024L, 1764352L, 2, 2128562493020L]
DEBUG:root:Calling get_info() [2, 262144L, 262144L, 1, 138310422012L]
2010-12-15 17:03:11,561 (domain:1234): Calling get_info() [2, 262144L, 262144L, 1, 138310422012L]
DEBUG:root:In function tick
2010-12-15 17:03:12,500 (engine:445): In function tick
INFO:root:In _tick(), starting a loop
2010-12-15 17:03:12,500 (engine:464): In _tick(), starting a loop
INFO:root:uri: xen:/// 
2010-12-15 17:03:12,500 (engine:466): uri: xen:/// 
DEBUG:root:Calling tick function (main update function: polls for new objects, updates stats)
2010-12-15 17:03:12,501 (connection:1436): Calling tick function (main update function: polls for new objects, updates stats)
DEBUG:root:The Thread self._tick_thread.start() started
2010-12-15 17:03:12,501 (engine:460): The Thread self._tick_thread.start() started
DEBUG:root:Calling _update_vms
2010-12-15 17:03:12,505 (connection:1323): Calling _update_vms
DEBUG:root:vm active(last time): <vmmDomain object at 0x8bd8914 (virtManager+domain+vmmDomain at 0x8c2c380)>
2010-12-15 17:03:12,505 (connection:1339): vm active(last time): <vmmDomain object at 0x8bd8914 (virtManager+domain+vmmDomain at 0x8c2c380)>
DEBUG:root:vm active(last time): <vmmDomain object at 0x8bd8a04 (virtManager+domain+vmmDomain at 0x8c326a0)>
2010-12-15 17:03:12,506 (connection:1339): vm active(last time): <vmmDomain object at 0x8bd8a04 (virtManager+domain+vmmDomain at 0x8c326a0)>
DEBUG:root:Calling get_info() [1, -1024L, 1764352L, 2, 2128751181999L]
2010-12-15 17:03:12,547 (domain:1234): Calling get_info() [1, -1024L, 1764352L, 2, 2128751181999L]
DEBUG:root:Calling get_info() [2, 262144L, 262144L, 1, 138316034397L]
2010-12-15 17:03:12,566 (domain:1234): Calling get_info() [2, 262144L, 262144L, 1, 138316034397L]
DEBUG:root:In function tick
2010-12-15 17:03:13,500 (engine:445): In function tick
DEBUG:root:The Thread self._tick_thread.start() started
2010-12-15 17:03:13,500 (engine:460): The Thread self._tick_thread.start() started
INFO:root:In _tick(), starting a loop
2010-12-15 17:03:13,501 (engine:464): In _tick(), starting a loop
INFO:root:uri: xen:/// 
2010-12-15 17:03:13,501 (engine:466): uri: xen:/// 
DEBUG:root:Calling tick function (main update function: polls for new objects, updates stats)
2010-12-15 17:03:13,501 (connection:1436): Calling tick function (main update function: polls for new objects, updates stats)
DEBUG:root:Calling _update_vms
2010-12-15 17:03:13,506 (connection:1323): Calling _update_vms
DEBUG:root:vm active(last time): <vmmDomain object at 0x8bd8914 (virtManager+domain+vmmDomain at 0x8c2c380)>
2010-12-15 17:03:13,506 (connection:1339): vm active(last time): <vmmDomain object at 0x8bd8914 (virtManager+domain+vmmDomain at 0x8c2c380)>
DEBUG:root:vm active(last time): <vmmDomain object at 0x8bd8a04 (virtManager+domain+vmmDomain at 0x8c326a0)>
2010-12-15 17:03:13,506 (connection:1339): vm active(last time): <vmmDomain object at 0x8bd8a04 (virtManager+domain+vmmDomain at 0x8c326a0)>
DEBUG:root:Calling get_info() [1, -1024L, 1764352L, 2, 2129060755640L]
2010-12-15 17:03:13,544 (domain:1234): Calling get_info() [1, -1024L, 1764352L, 2, 2129060755640L]
DEBUG:root:Calling get_info() [0, 262144L, 262144L, 1, 138321629720L]
2010-12-15 17:03:13,563 (domain:1234): Calling get_info() [0, 262144L, 262144L, 1, 138321629720L]
DEBUG:root:In function tick
2010-12-15 17:03:14,500 (engine:445): In function tick
INFO:root:In _tick(), starting a loop
2010-12-15 17:03:14,500 (engine:464): In _tick(), starting a loop
INFO:root:uri: xen:/// 
2010-12-15 17:03:14,500 (engine:466): uri: xen:/// 
DEBUG:root:Calling tick function (main update function: polls for new objects, updates stats)
2010-12-15 17:03:14,501 (connection:1436): Calling tick function (main update function: polls for new objects, updates stats)
DEBUG:root:The Thread self._tick_thread.start() started
2010-12-15 17:03:14,501 (engine:460): The Thread self._tick_thread.start() started
DEBUG:root:Calling _update_vms
2010-12-15 17:03:14,505 (connection:1323): Calling _update_vms
DEBUG:root:vm active(last time): <vmmDomain object at 0x8bd8914 (virtManager+domain+vmmDomain at 0x8c2c380)>
2010-12-15 17:03:14,505 (connection:1339): vm active(last time): <vmmDomain object at 0x8bd8914 (virtManager+domain+vmmDomain at 0x8c2c380)>
DEBUG:root:vm active(last time): <vmmDomain object at 0x8bd8a04 (virtManager+domain+vmmDomain at 0x8c326a0)>
2010-12-15 17:03:14,505 (connection:1339): vm active(last time): <vmmDomain object at 0x8bd8a04 (virtManager+domain+vmmDomain at 0x8c326a0)>
DEBUG:root:Calling get_info() [1, -1024L, 1764352L, 2, 2129229617190L]
2010-12-15 17:03:14,545 (domain:1234): Calling get_info() [1, -1024L, 1764352L, 2, 2129229617190L]
DEBUG:root:Calling get_info() [2, 262144L, 262144L, 1, 138327733015L]
2010-12-15 17:03:14,563 (domain:1234): Calling get_info() [2, 262144L, 262144L, 1, 138327733015L]
