In setup_pypath:
** Message: pygobject_register_sinkfunc is deprecated (GtkWindow)
** Message: pygobject_register_sinkfunc is deprecated (GtkInvisible)
** Message: pygobject_register_sinkfunc is deprecated (GtkObject)
INFO:root:Application startup
2010-12-15 17:00:43,820 (virt-manager:166): Application startup
DEBUG:root:Launched as: /home/edward/projects/netbeans/virtmanager/src/share/virt-manager/virt-manager.py --debug
2010-12-15 17:00:43,820 (virt-manager:322): Launched as: /home/edward/projects/netbeans/virtmanager/src/share/virt-manager/virt-manager.py --debug
DEBUG:root:(options): {'profile': None, 'nodbus': None, 'show_domain_console': None, 'no_conn_auto': None, 'uuid': None, 'nofork': None, 'show_domain_editor': None, 'show_domain_performance': None, 'show': None, 'uri': None, 'debug': True}
2010-12-15 17:00:43,821 (virt-manager:323): (options): {'profile': None, 'nodbus': None, 'show_domain_console': None, 'no_conn_auto': None, 'uuid': None, 'nofork': None, 'show_domain_editor': None, 'show_domain_performance': None, 'show': None, 'uri': None, 'debug': True}
DEBUG:root:(ignore): []
2010-12-15 17:00:43,821 (virt-manager:324): (ignore): []
INFO:root:In setup_glade_i18n:
2010-12-15 17:00:43,925 (virt-manager:76): In setup_glade_i18n:
WARNING:root:gnomekeyring bindings not installed, no keyring support
2010-12-15 17:00:43,957 (keyring:30): gnomekeyring bindings not installed, no keyring support
INFO:root:In head class vmmConfig
2010-12-15 17:00:43,957 (config:50): In head class vmmConfig
INFO:root:Creating vmmConfig instance
2010-12-15 17:00:43,957 (virt-manager:360): Creating vmmConfig instance
INFO:root:vmmConfig(appname, appversion, gconf_dir, glade_dir,icon_dir, data_dir)
2010-12-15 17:00:43,958 (virt-manager:362): vmmConfig(appname, appversion, gconf_dir, glade_dir,icon_dir, data_dir)
INFO:root:appname: virt-manager-hacked2
2010-12-15 17:00:43,958 (virt-manager:363): appname: virt-manager-hacked2
INFO:root:appversion: 0.8.5
2010-12-15 17:00:43,958 (virt-manager:364): appversion: 0.8.5
INFO:root:gconf_dir: /apps/virt-manager-hacked2
2010-12-15 17:00:43,958 (virt-manager:365): gconf_dir: /apps/virt-manager-hacked2
INFO:root:glade_dir: /home/edward/projects/netbeans/virtmanager/src/share/virt-manager
2010-12-15 17:00:43,959 (virt-manager:366): glade_dir: /home/edward/projects/netbeans/virtmanager/src/share/virt-manager
INFO:root:icon_dir: /home/edward/projects/netbeans/virtmanager/src/share/virt-manager/pixmaps
2010-12-15 17:00:43,959 (virt-manager:367): icon_dir: /home/edward/projects/netbeans/virtmanager/src/share/virt-manager/pixmaps
INFO:root:data_dir: /home/edward/projects/netbeans/virtmanager/src/share
2010-12-15 17:00:43,959 (virt-manager:368): data_dir: /home/edward/projects/netbeans/virtmanager/src/share
INFO:root:In init vmmConfig (self.conf_dir) /apps/virt-manager-hacked2
2010-12-15 17:00:43,959 (config:95): In init vmmConfig (self.conf_dir) /apps/virt-manager-hacked2
INFO:root:In init vmmConfig (gconf.client_get_default()) <gconf.Client object at 0x8818284 (GConfClient at 0x8437b38)>
2010-12-15 17:00:43,960 (config:96): In init vmmConfig (gconf.client_get_default()) <gconf.Client object at 0x8818284 (GConfClient at 0x8437b38)>
INFO:root:gconf.CLIENT_PRELOAD_NONE: <enum GCONF_CLIENT_PRELOAD_NONE of type GConfClientPreloadType> 
2010-12-15 17:00:43,960 (config:99): gconf.CLIENT_PRELOAD_NONE: <enum GCONF_CLIENT_PRELOAD_NONE of type GConfClientPreloadType> 
INFO:root:Creating Object vmmConnection
2010-12-15 17:00:44,025 (connection:46): Creating Object vmmConnection
INFO:root:Creating Object vmmConnect
2010-12-15 17:00:44,029 (connect:58): Creating Object vmmConnect
INFO:root:In head class vmmEngine
2010-12-15 17:00:44,042 (engine:222): In head class vmmEngine
INFO:root:main() options.uri: None
2010-12-15 17:00:44,060 (virt-manager:387): main() options.uri: None
INFO:root:main() options.show: None
2010-12-15 17:00:44,060 (virt-manager:388): main() options.show: None
INFO:root:Getting vmmEngine instance
2010-12-15 17:00:44,061 (virt-manager:392): Getting vmmEngine instance
DEBUG:root:Creating Object vmmEngine
2010-12-15 17:00:44,061 (engine:231): Creating Object vmmEngine
INFO:root:In vmmEngine _init_: ['xen:///']
2010-12-15 17:00:44,092 (engine:235): In vmmEngine _init_: ['xen:///']
INFO:root:In connect with name connection-added and return handle_id
2010-12-15 17:00:44,094 (engine:741): In connect with name connection-added and return handle_id
DEBUG:root:Trying get all connections
2010-12-15 17:00:44,095 (engine:361): Trying get all connections
DEBUG:root:Getting Connections from config(get_connections)
2010-12-15 17:00:44,095 (config:593): Getting Connections from config(get_connections)
DEBUG:root:self.conf_dir: /apps/virt-manager-hacked2
2010-12-15 17:00:44,096 (config:594): self.conf_dir: /apps/virt-manager-hacked2
DEBUG:root:gconf.VALUE_STRING: <enum GCONF_VALUE_STRING of type GConfValueType>
2010-12-15 17:00:44,096 (config:595): gconf.VALUE_STRING: <enum GCONF_VALUE_STRING of type GConfValueType>
DEBUG:root:uris (load_stored_uris): ['xen:///']
2010-12-15 17:00:44,096 (engine:363): uris (load_stored_uris): ['xen:///']
DEBUG:root:About to connect to uris ['xen:///']
2010-12-15 17:00:44,096 (engine:365): About to connect to uris ['xen:///']
INFO:root:In function add_connection and uri: xen:///
2010-12-15 17:00:44,097 (engine:710): In function add_connection and uri: xen:///
INFO:root:In _init_ vmmConnection, printing uri xen:///
2010-12-15 17:00:44,097 (connection:106): In _init_ vmmConnection, printing uri xen:///
DEBUG:root:Calling tick function (main update function: polls for new objects, updates stats)
2010-12-15 17:00:44,097 (connection:1436): Calling tick function (main update function: polls for new objects, updates stats)
INFO:root:In a add_connection(uri)
2010-12-15 17:00:44,098 (config:563): In a add_connection(uri)
INFO:root:First call to tick()
2010-12-15 17:00:44,098 (engine:273): First call to tick()
DEBUG:root:In function tick
2010-12-15 17:00:44,098 (engine:445): In function tick
DEBUG:root:The Thread self._tick_thread.start() started
2010-12-15 17:00:44,099 (engine:460): The Thread self._tick_thread.start() started
INFO:root:options.show: None
2010-12-15 17:00:44,099 (virt-manager:443): options.show: None
INFO:root:options.uri : None
2010-12-15 17:00:44,099 (virt-manager:444): options.uri : None
INFO:root:options.uuid: None
2010-12-15 17:00:44,100 (virt-manager:445): options.uuid: None
INFO:root:options.no_conn_auto: None
2010-12-15 17:00:44,100 (virt-manager:446): options.no_conn_auto: None
INFO:root:In def show_engine
2010-12-15 17:00:44,100 (virt-manager:229): In def show_engine
INFO:root:show: None
2010-12-15 17:00:44,101 (virt-manager:230): show: None
INFO:root:uri : None
2010-12-15 17:00:44,101 (virt-manager:231): uri : None
INFO:root:uuid: None
2010-12-15 17:00:44,101 (virt-manager:232): uuid: None
INFO:root:no_conn_auto: None
2010-12-15 17:00:44,101 (virt-manager:233): no_conn_auto: None
INFO:root:show_engine(3)
2010-12-15 17:00:44,102 (virt-manager:250): show_engine(3)
INFO:root:In def get_manager(self)
2010-12-15 17:00:44,102 (engine:641): In def get_manager(self)

(virt-manager-hacked2:10125): libglade-WARNING **: unknown property `orientation' for class `GtkVBox'

(virt-manager-hacked2:10125): libglade-WARNING **: unknown property `orientation' for class `GtkVBox'
INFO:root:In _tick(), starting a loop
2010-12-15 17:00:44,115 (engine:464): In _tick(), starting a loop
INFO:root:uri: xen:/// 
2010-12-15 17:00:44,116 (engine:466): uri: xen:/// 
DEBUG:root:Calling tick function (main update function: polls for new objects, updates stats)
2010-12-15 17:00:44,116 (connection:1436): Calling tick function (main update function: polls for new objects, updates stats)
INFO:root:In connect with name connection-added and return handle_id
2010-12-15 17:00:44,179 (engine:741): In connect with name connection-added and return handle_id
DEBUG:root:Connection signals and self.functions
2010-12-15 17:00:44,179 (manager:828): Connection signals and self.functions
INFO:root:First Initialize Connections
2010-12-15 17:00:44,180 (manager:213): First Initialize Connections
DEBUG:root:window counter incremented to 1
2010-12-15 17:00:44,195 (engine:676): window counter incremented to 1
INFO:root:show_engine(4) no_conn_auto
2010-12-15 17:00:44,196 (virt-manager:254): show_engine(4) no_conn_auto
DEBUG:root:Calling autostar_connections(self)
2010-12-15 17:00:44,196 (engine:371): Calling autostar_connections(self)
DEBUG:root:uri: xen:/// 
2010-12-15 17:00:44,196 (engine:373): uri: xen:/// 
DEBUG:root:conn: <vmmConnection object at 0x8bce5cc (virtManager+connection+vmmConnection at 0x8c1deb0)> 
2010-12-15 17:00:44,196 (engine:376): conn: <vmmConnection object at 0x8bce5cc (virtManager+connection+vmmConnection at 0x8c1deb0)> 
DEBUG:root:Calling conn.get_autoconnect()
2010-12-15 17:00:44,197 (engine:378): Calling conn.get_autoconnect()
INFO:root:In connect_to_uri
2010-12-15 17:00:44,197 (engine:385): In connect_to_uri
DEBUG:root:Return (_check_connection) <vmmConnection object at 0x8bce5cc (virtManager+connection+vmmConnection at 0x8c1deb0)> :
2010-12-15 17:00:44,197 (engine:750): Return (_check_connection) <vmmConnection object at 0x8bce5cc (virtManager+connection+vmmConnection at 0x8c1deb0)> :
INFO:root:In def get_manager(self)
2010-12-15 17:00:44,197 (engine:641): In def get_manager(self)
DEBUG:root:Scheduling background open thread for xen:///
2010-12-15 17:00:44,248 (connection:856): Scheduling background open thread for xen:///
DEBUG:root:Background thread is running
2010-12-15 17:00:44,249 (connection:1001): Background thread is running
DEBUG:root:Background open thread complete, scheduling notify
2010-12-15 17:00:44,269 (connection:1029): Background open thread complete, scheduling notify
INFO:root:First call add_default_connection
2010-12-15 17:00:44,290 (engine:308): First call add_default_connection
DEBUG:root:Getting Connections from config(get_connections)
2010-12-15 17:00:44,290 (config:593): Getting Connections from config(get_connections)
DEBUG:root:self.conf_dir: /apps/virt-manager-hacked2
2010-12-15 17:00:44,290 (config:594): self.conf_dir: /apps/virt-manager-hacked2
DEBUG:root:gconf.VALUE_STRING: <enum GCONF_VALUE_STRING of type GConfValueType>
2010-12-15 17:00:44,290 (config:595): gconf.VALUE_STRING: <enum GCONF_VALUE_STRING of type GConfValueType>
DEBUG:root:Notifying open result
2010-12-15 17:00:44,291 (connection:1034): Notifying open result
DEBUG:root:xen:/// capabilities:
<capabilities>

  <host>
    <cpu>
      <arch>i686</arch>
      <features>
        <pae/>
      </features>
    </cpu>
    <migration_features>
      <live/>
      <uri_transports>
        <uri_transport>xenmigr</uri_transport>
      </uri_transports>
    </migration_features>
  </host>

  <guest>
    <os_type>xen</os_type>
    <arch name='i686'>
      <wordsize>32</wordsize>
      <emulator>/usr/lib/xen/bin/qemu-dm</emulator>
      <machine>xenpv</machine>
      <domain type='xen'>
      </domain>
    </arch>
    <features>
      <pae/>
    </features>
  </guest>

  <guest>
    <os_type>hvm</os_type>
    <arch name='i686'>
      <wordsize>32</wordsize>
      <emulator>/usr/lib/xen/bin/qemu-dm</emulator>
      <loader>/usr/lib/xen/boot/hvmloader</loader>
      <machine>xenfv</machine>
      <domain type='xen'>
      </domain>
    </arch>
    <features>
      <pae/>
      <nonpae/>
      <acpi default='on' toggle='yes'/>
      <apic default='on' toggle='yes'/>
    </features>
  </guest>

</capabilities>

2010-12-15 17:00:44,295 (connection:1042): xen:/// capabilities:
<capabilities>

  <host>
    <cpu>
      <arch>i686</arch>
      <features>
        <pae/>
      </features>
    </cpu>
    <migration_features>
      <live/>
      <uri_transports>
        <uri_transport>xenmigr</uri_transport>
      </uri_transports>
    </migration_features>
  </host>

  <guest>
    <os_type>xen</os_type>
    <arch name='i686'>
      <wordsize>32</wordsize>
      <emulator>/usr/lib/xen/bin/qemu-dm</emulator>
      <machine>xenpv</machine>
      <domain type='xen'>
      </domain>
    </arch>
    <features>
      <pae/>
    </features>
  </guest>

  <guest>
    <os_type>hvm</os_type>
    <arch name='i686'>
      <wordsize>32</wordsize>
      <emulator>/usr/lib/xen/bin/qemu-dm</emulator>
      <loader>/usr/lib/xen/boot/hvmloader</loader>
      <machine>xenfv</machine>
      <domain type='xen'>
      </domain>
    </arch>
    <features>
      <pae/>
      <nonpae/>
      <acpi default='on' toggle='yes'/>
      <apic default='on' toggle='yes'/>
    </features>
  </guest>

</capabilities>

DEBUG:root:Calling tick function (main update function: polls for new objects, updates stats)
2010-12-15 17:00:44,295 (connection:1436): Calling tick function (main update function: polls for new objects, updates stats)
DEBUG:root:Connection doesn't seem to support interface APIs. Skipping all interface polling.
2010-12-15 17:00:44,302 (connection:1221): Connection doesn't seem to support interface APIs. Skipping all interface polling.
DEBUG:root:Calling _update_vms
2010-12-15 17:00:44,356 (connection:1323): Calling _update_vms
DEBUG:root:Filter out VMs which merely changed state: <libvirt.virDomain instance at 0x8bd34cc>: 
2010-12-15 17:00:44,406 (connection:1415): Filter out VMs which merely changed state: <libvirt.virDomain instance at 0x8bd34cc>: 
DEBUG:root:Connection managed save support: False
2010-12-15 17:00:44,418 (connection:544): Connection managed save support: False
DEBUG:root:Calling get_info() [1, -1024L, 1764352L, 2, 2111875424960L]
2010-12-15 17:00:44,446 (domain:1234): Calling get_info() [1, -1024L, 1764352L, 2, 2111875424960L]
DEBUG:root:Calling get_info() [1, -1024L, 1764352L, 2, 2111905041470L]
2010-12-15 17:00:44,465 (domain:1234): Calling get_info() [1, -1024L, 1764352L, 2, 2111905041470L]
DEBUG:root:rawvm Domain-0 :
2010-12-15 17:00:44,472 (connection:1418): rawvm Domain-0 :
DEBUG:root:Filter out VMs which merely changed state: <libvirt.virDomain instance at 0x8bd354c>: 
2010-12-15 17:00:44,472 (connection:1415): Filter out VMs which merely changed state: <libvirt.virDomain instance at 0x8bd354c>: 
DEBUG:root:Calling get_info() [2, 262144L, 262144L, 1, 137156892728L]
2010-12-15 17:00:44,504 (domain:1234): Calling get_info() [2, 262144L, 262144L, 1, 137156892728L]
DEBUG:root:Calling get_info() [2, 262144L, 262144L, 1, 137157050478L]
2010-12-15 17:00:44,551 (domain:1234): Calling get_info() [2, 262144L, 262144L, 1, 137157050478L]
DEBUG:root:rawvm ubuntu804 :
2010-12-15 17:00:44,564 (connection:1418): rawvm ubuntu804 :
DEBUG:root:Calling get_info() [1, -1024L, 1764352L, 2, 2112036601570L]
2010-12-15 17:00:44,571 (domain:1234): Calling get_info() [1, -1024L, 1764352L, 2, 2112036601570L]
DEBUG:root:Calling get_info() [2, 262144L, 262144L, 1, 137157246203L]
2010-12-15 17:00:44,595 (domain:1234): Calling get_info() [2, 262144L, 262144L, 1, 137157246203L]
DEBUG:root:Using HAL for netdev enumeration
2010-12-15 17:00:44,636 (connection:219): Using HAL for netdev enumeration
DEBUG:root:Using libvirt API for mediadev enumeration
2010-12-15 17:00:44,640 (connection:256): Using libvirt API for mediadev enumeration
DEBUG:root:self.vms[uuid] : <vmmDomain object at 0x8bd898c (virtManager+domain+vmmDomain at 0x8c35b00)>
2010-12-15 17:00:44,640 (connection:672): self.vms[uuid] : <vmmDomain object at 0x8bd898c (virtManager+domain+vmmDomain at 0x8c35b00)>
DEBUG:root:Calling get_name(self)  : Domain-0
2010-12-15 17:00:44,640 (domain:1401): Calling get_name(self)  : Domain-0
DEBUG:root:data: Domain-0
2010-12-15 17:00:44,641 (connection:673): data: Domain-0
DEBUG:root:Calling get_name(self)  : Domain-0
2010-12-15 17:00:44,641 (domain:1401): Calling get_name(self)  : Domain-0
DEBUG:root:Calling get_name(self)  : Domain-0
2010-12-15 17:00:44,643 (domain:1401): Calling get_name(self)  : Domain-0
DEBUG:root:Calling get_name(self)  : ubuntu804
2010-12-15 17:00:44,643 (domain:1401): Calling get_name(self)  : ubuntu804
DEBUG:root:self.vms[uuid] : <vmmDomain object at 0x8bd898c (virtManager+domain+vmmDomain at 0x8c35b00)>
2010-12-15 17:00:44,644 (connection:672): self.vms[uuid] : <vmmDomain object at 0x8bd898c (virtManager+domain+vmmDomain at 0x8c35b00)>
DEBUG:root:Calling get_name(self)  : Domain-0
2010-12-15 17:00:44,644 (domain:1401): Calling get_name(self)  : Domain-0
DEBUG:root:data: Domain-0
2010-12-15 17:00:44,644 (connection:673): data: Domain-0
DEBUG:root:self.vms[uuid] : <vmmDomain object at 0x8bd898c (virtManager+domain+vmmDomain at 0x8c35b00)>
2010-12-15 17:00:44,645 (connection:672): self.vms[uuid] : <vmmDomain object at 0x8bd898c (virtManager+domain+vmmDomain at 0x8c35b00)>
DEBUG:root:Calling get_name(self)  : Domain-0
2010-12-15 17:00:44,645 (domain:1401): Calling get_name(self)  : Domain-0
DEBUG:root:data: Domain-0
2010-12-15 17:00:44,645 (connection:673): data: Domain-0
DEBUG:root:Calling get_name(self)  : Domain-0
2010-12-15 17:00:44,645 (domain:1401): Calling get_name(self)  : Domain-0
DEBUG:root:self.vms[uuid] : <vmmDomain object at 0x8bd8a7c (virtManager+domain+vmmDomain at 0x8c35ca0)>
2010-12-15 17:00:44,646 (connection:672): self.vms[uuid] : <vmmDomain object at 0x8bd8a7c (virtManager+domain+vmmDomain at 0x8c35ca0)>
DEBUG:root:Calling get_name(self)  : ubuntu804
2010-12-15 17:00:44,646 (domain:1401): Calling get_name(self)  : ubuntu804
DEBUG:root:data: ubuntu804
2010-12-15 17:00:44,646 (connection:673): data: ubuntu804
DEBUG:root:Calling get_name(self)  : ubuntu804
2010-12-15 17:00:44,647 (domain:1401): Calling get_name(self)  : ubuntu804
DEBUG:root:Calling get_name(self)  : Domain-0
2010-12-15 17:00:44,649 (domain:1401): Calling get_name(self)  : Domain-0
DEBUG:root:Calling get_name(self)  : ubuntu804
2010-12-15 17:00:44,649 (domain:1401): Calling get_name(self)  : ubuntu804
DEBUG:root:self.vms[uuid] : <vmmDomain object at 0x8bd8a7c (virtManager+domain+vmmDomain at 0x8c35ca0)>
2010-12-15 17:00:44,649 (connection:672): self.vms[uuid] : <vmmDomain object at 0x8bd8a7c (virtManager+domain+vmmDomain at 0x8c35ca0)>
DEBUG:root:Calling get_name(self)  : ubuntu804
2010-12-15 17:00:44,650 (domain:1401): Calling get_name(self)  : ubuntu804
DEBUG:root:data: ubuntu804
2010-12-15 17:00:44,650 (connection:673): data: ubuntu804
DEBUG:root:self.vms[uuid] : <vmmDomain object at 0x8bd8a7c (virtManager+domain+vmmDomain at 0x8c35ca0)>
2010-12-15 17:00:44,650 (connection:672): self.vms[uuid] : <vmmDomain object at 0x8bd8a7c (virtManager+domain+vmmDomain at 0x8c35ca0)>
DEBUG:root:Calling get_name(self)  : ubuntu804
2010-12-15 17:00:44,650 (domain:1401): Calling get_name(self)  : ubuntu804
DEBUG:root:data: ubuntu804
2010-12-15 17:00:44,650 (connection:673): data: ubuntu804
DEBUG:root:Calling get_name(self)  : ubuntu804
2010-12-15 17:00:44,651 (domain:1401): Calling get_name(self)  : ubuntu804
DEBUG:root:self.vms[uuid] : <vmmDomain object at 0x8bd898c (virtManager+domain+vmmDomain at 0x8c35b00)>
2010-12-15 17:00:44,651 (connection:672): self.vms[uuid] : <vmmDomain object at 0x8bd898c (virtManager+domain+vmmDomain at 0x8c35b00)>
DEBUG:root:Calling get_name(self)  : Domain-0
2010-12-15 17:00:44,652 (domain:1401): Calling get_name(self)  : Domain-0
DEBUG:root:data: Domain-0
2010-12-15 17:00:44,652 (connection:673): data: Domain-0
DEBUG:root:Calling get_name(self)  : Domain-0
2010-12-15 17:00:44,652 (domain:1401): Calling get_name(self)  : Domain-0
DEBUG:root:VM Domain-0 started
2010-12-15 17:00:44,652 (manager:729): VM Domain-0 started
DEBUG:root:self.vms[uuid] : <vmmDomain object at 0x8bd8a7c (virtManager+domain+vmmDomain at 0x8c35ca0)>
2010-12-15 17:00:44,653 (connection:672): self.vms[uuid] : <vmmDomain object at 0x8bd8a7c (virtManager+domain+vmmDomain at 0x8c35ca0)>
DEBUG:root:Calling get_name(self)  : ubuntu804
2010-12-15 17:00:44,653 (domain:1401): Calling get_name(self)  : ubuntu804
DEBUG:root:data: ubuntu804
2010-12-15 17:00:44,653 (connection:673): data: ubuntu804
DEBUG:root:Calling get_name(self)  : ubuntu804
2010-12-15 17:00:44,653 (domain:1401): Calling get_name(self)  : ubuntu804
DEBUG:root:VM ubuntu804 started
2010-12-15 17:00:44,654 (manager:729): VM ubuntu804 started
DEBUG:root:In function tick
2010-12-15 17:00:45,095 (engine:445): In function tick
INFO:root:In _tick(), starting a loop
2010-12-15 17:00:45,096 (engine:464): In _tick(), starting a loop
INFO:root:uri: xen:/// 
2010-12-15 17:00:45,096 (engine:466): uri: xen:/// 
DEBUG:root:Calling tick function (main update function: polls for new objects, updates stats)
2010-12-15 17:00:45,096 (connection:1436): Calling tick function (main update function: polls for new objects, updates stats)
DEBUG:root:The Thread self._tick_thread.start() started
2010-12-15 17:00:45,097 (engine:460): The Thread self._tick_thread.start() started
DEBUG:root:Calling _update_vms
2010-12-15 17:00:45,100 (connection:1323): Calling _update_vms
DEBUG:root:vm active(last time): <vmmDomain object at 0x8bd898c (virtManager+domain+vmmDomain at 0x8c35b00)>
2010-12-15 17:00:45,101 (connection:1339): vm active(last time): <vmmDomain object at 0x8bd898c (virtManager+domain+vmmDomain at 0x8c35b00)>
DEBUG:root:vm active(last time): <vmmDomain object at 0x8bd8a7c (virtManager+domain+vmmDomain at 0x8c35ca0)>
2010-12-15 17:00:45,101 (connection:1339): vm active(last time): <vmmDomain object at 0x8bd8a7c (virtManager+domain+vmmDomain at 0x8c35ca0)>
DEBUG:root:Calling get_info() [1, -1024L, 1764352L, 2, 2112259262000L]
2010-12-15 17:00:45,140 (domain:1234): Calling get_info() [1, -1024L, 1764352L, 2, 2112259262000L]
DEBUG:root:Calling get_info() [2, 262144L, 262144L, 1, 137159881807L]
2010-12-15 17:00:45,160 (domain:1234): Calling get_info() [2, 262144L, 262144L, 1, 137159881807L]
DEBUG:root:In function tick
2010-12-15 17:00:46,095 (engine:445): In function tick
INFO:root:In _tick(), starting a loop
2010-12-15 17:00:46,096 (engine:464): In _tick(), starting a loop
INFO:root:uri: xen:/// 
2010-12-15 17:00:46,096 (engine:466): uri: xen:/// 
DEBUG:root:Calling tick function (main update function: polls for new objects, updates stats)
2010-12-15 17:00:46,096 (connection:1436): Calling tick function (main update function: polls for new objects, updates stats)
DEBUG:root:The Thread self._tick_thread.start() started
2010-12-15 17:00:46,100 (engine:460): The Thread self._tick_thread.start() started
DEBUG:root:Calling _update_vms
2010-12-15 17:00:46,101 (connection:1323): Calling _update_vms
DEBUG:root:vm active(last time): <vmmDomain object at 0x8bd898c (virtManager+domain+vmmDomain at 0x8c35b00)>
2010-12-15 17:00:46,101 (connection:1339): vm active(last time): <vmmDomain object at 0x8bd898c (virtManager+domain+vmmDomain at 0x8c35b00)>
DEBUG:root:vm active(last time): <vmmDomain object at 0x8bd8a7c (virtManager+domain+vmmDomain at 0x8c35ca0)>
2010-12-15 17:00:46,101 (connection:1339): vm active(last time): <vmmDomain object at 0x8bd8a7c (virtManager+domain+vmmDomain at 0x8c35ca0)>
DEBUG:root:Calling get_info() [1, -1024L, 1764352L, 2, 2112429882049L]
2010-12-15 17:00:46,138 (domain:1234): Calling get_info() [1, -1024L, 1764352L, 2, 2112429882049L]
DEBUG:root:Calling get_info() [2, 262144L, 262144L, 1, 137166469417L]
2010-12-15 17:00:46,158 (domain:1234): Calling get_info() [2, 262144L, 262144L, 1, 137166469417L]
DEBUG:root:In function tick
2010-12-15 17:00:47,095 (engine:445): In function tick
INFO:root:In _tick(), starting a loop
2010-12-15 17:00:47,096 (engine:464): In _tick(), starting a loop
INFO:root:uri: xen:/// 
2010-12-15 17:00:47,096 (engine:466): uri: xen:/// 
DEBUG:root:Calling tick function (main update function: polls for new objects, updates stats)
2010-12-15 17:00:47,096 (connection:1436): Calling tick function (main update function: polls for new objects, updates stats)
DEBUG:root:The Thread self._tick_thread.start() started
2010-12-15 17:00:47,097 (engine:460): The Thread self._tick_thread.start() started
DEBUG:root:Calling _update_vms
2010-12-15 17:00:47,101 (connection:1323): Calling _update_vms
DEBUG:root:vm active(last time): <vmmDomain object at 0x8bd898c (virtManager+domain+vmmDomain at 0x8c35b00)>
2010-12-15 17:00:47,101 (connection:1339): vm active(last time): <vmmDomain object at 0x8bd898c (virtManager+domain+vmmDomain at 0x8c35b00)>
DEBUG:root:vm active(last time): <vmmDomain object at 0x8bd8a7c (virtManager+domain+vmmDomain at 0x8c35ca0)>
2010-12-15 17:00:47,101 (connection:1339): vm active(last time): <vmmDomain object at 0x8bd8a7c (virtManager+domain+vmmDomain at 0x8c35ca0)>
DEBUG:root:Calling get_info() [1, -1024L, 1764352L, 2, 2112597409810L]
2010-12-15 17:00:47,145 (domain:1234): Calling get_info() [1, -1024L, 1764352L, 2, 2112597409810L]
DEBUG:root:Calling get_info() [2, 262144L, 262144L, 1, 137172454270L]
2010-12-15 17:00:47,165 (domain:1234): Calling get_info() [2, 262144L, 262144L, 1, 137172454270L]
DEBUG:root:In function tick
2010-12-15 17:00:48,095 (engine:445): In function tick
INFO:root:In _tick(), starting a loop
2010-12-15 17:00:48,096 (engine:464): In _tick(), starting a loop
INFO:root:uri: xen:/// 
2010-12-15 17:00:48,096 (engine:466): uri: xen:/// 
DEBUG:root:Calling tick function (main update function: polls for new objects, updates stats)
2010-12-15 17:00:48,096 (connection:1436): Calling tick function (main update function: polls for new objects, updates stats)
DEBUG:root:The Thread self._tick_thread.start() started
2010-12-15 17:00:48,099 (engine:460): The Thread self._tick_thread.start() started
DEBUG:root:Calling _update_vms
2010-12-15 17:00:48,101 (connection:1323): Calling _update_vms
DEBUG:root:vm active(last time): <vmmDomain object at 0x8bd898c (virtManager+domain+vmmDomain at 0x8c35b00)>
2010-12-15 17:00:48,101 (connection:1339): vm active(last time): <vmmDomain object at 0x8bd898c (virtManager+domain+vmmDomain at 0x8c35b00)>
DEBUG:root:vm active(last time): <vmmDomain object at 0x8bd8a7c (virtManager+domain+vmmDomain at 0x8c35ca0)>
2010-12-15 17:00:48,102 (connection:1339): vm active(last time): <vmmDomain object at 0x8bd8a7c (virtManager+domain+vmmDomain at 0x8c35ca0)>
DEBUG:root:Calling get_info() [1, -1024L, 1764352L, 2, 2112765277189L]
2010-12-15 17:00:48,143 (domain:1234): Calling get_info() [1, -1024L, 1764352L, 2, 2112765277189L]
DEBUG:root:Calling get_info() [0, 262144L, 262144L, 1, 137181810149L]
2010-12-15 17:00:48,162 (domain:1234): Calling get_info() [0, 262144L, 262144L, 1, 137181810149L]
